<?xml version="1.0" encoding="UTF-8"?>
<!-- Generated by org.testng.reporters.JUnitXMLReporter -->
<testsuite ignored="1" hostname="DESKTOP-MOKGLN3" failures="0" tests="1" name="Default test" time="400.187" errors="0" timestamp="2021-09-30T08:37:07 IST">
  <testcase classname="Pulse.HasbroPulseTest" name="PositiveCase" time="400.127"/>
  <testcase classname="Pulse.HasbroPulseTest" name="NegativeCase" time="0.0">
    <ignored/>
  </testcase> <!-- NegativeCase -->
</testsuite> <!-- Default test -->
