<?xml version="1.0" encoding="UTF-8"?>
<testng-results ignored="0" total="2" passed="2" failed="0" skipped="0">
  <reporter-output>
  </reporter-output>
  <suite started-at="2021-09-30T08:51:20 IST" name="Pulse.HasbroPulseTest" finished-at="2021-09-30T08:59:54 IST" duration-ms="513482">
    <groups>
    </groups>
    <test started-at="2021-09-30T08:51:20 IST" name="Command line test" finished-at="2021-09-30T08:59:54 IST" duration-ms="513482">
      <class name="Pulse.HasbroPulseTest">
        <test-method signature="NegativeCase()[pri:0, instance:Pulse.HasbroPulseTest@8f4ea7c]" started-at="2021-09-30T08:51:20 IST" name="NegativeCase" finished-at="2021-09-30T08:53:12 IST" duration-ms="111917" status="PASS">
          <reporter-output>
          </reporter-output>
        </test-method> <!-- NegativeCase -->
        <test-method signature="PositiveCase()[pri:0, instance:Pulse.HasbroPulseTest@8f4ea7c]" started-at="2021-09-30T08:53:12 IST" name="PositiveCase" finished-at="2021-09-30T08:59:54 IST" duration-ms="401511" status="PASS">
          <reporter-output>
          </reporter-output>
        </test-method> <!-- PositiveCase -->
      </class> <!-- Pulse.HasbroPulseTest -->
    </test> <!-- Command line test -->
  </suite> <!-- Pulse.HasbroPulseTest -->
</testng-results>
