<?xml version="1.0" encoding="UTF-8"?>
<testng-results ignored="1" total="2" passed="1" failed="0" skipped="0">
  <reporter-output>
  </reporter-output>
  <suite started-at="2021-09-30T08:30:27 IST" name="Default suite" finished-at="2021-09-30T08:37:07 IST" duration-ms="400187">
    <groups>
    </groups>
    <test started-at="2021-09-30T08:30:27 IST" name="Default test" finished-at="2021-09-30T08:37:07 IST" duration-ms="400187">
      <class name="Pulse.HasbroPulseTest">
        <test-method signature="PositiveCase()[pri:0, instance:Pulse.HasbroPulseTest@34f5090e]" started-at="2021-09-30T08:30:27 IST" name="PositiveCase" finished-at="2021-09-30T08:37:07 IST" duration-ms="400127" status="PASS">
          <reporter-output>
          </reporter-output>
        </test-method> <!-- PositiveCase -->
      </class> <!-- Pulse.HasbroPulseTest -->
    </test> <!-- Default test -->
  </suite> <!-- Default suite -->
</testng-results>
